npm WARN exec The following package was not found and will be installed: vercel@54.9.1
npm WARN EBADENGINE Unsupported engine {
npm WARN EBADENGINE   package: 'undici@7.25.0',
npm WARN EBADENGINE   required: { node: '>=20.18.1' },
npm WARN EBADENGINE   current: { node: 'v20.12.0', npm: '10.5.0' }
npm WARN EBADENGINE }
npm WARN EBADENGINE Unsupported engine {
npm WARN EBADENGINE   package: 'oxc-transform@0.111.0',
npm WARN EBADENGINE   required: { node: '^20.19.0 || >=22.12.0' },
npm WARN EBADENGINE   current: { node: 'v20.12.0', npm: '10.5.0' }
npm WARN EBADENGINE }
npm WARN EBADENGINE Unsupported engine {
npm WARN EBADENGINE   package: 'rolldown@1.0.0-rc.1',
npm WARN EBADENGINE   required: { node: '^20.19.0 || >=22.12.0' },
npm WARN EBADENGINE   current: { node: 'v20.12.0', npm: '10.5.0' }
npm WARN EBADENGINE }
npm WARN EBADENGINE Unsupported engine {
npm WARN EBADENGINE   package: 'srvx@0.8.9',
npm WARN EBADENGINE   required: { node: '>=20.16.0' },
npm WARN EBADENGINE   current: { node: 'v20.12.0', npm: '10.5.0' }
npm WARN EBADENGINE }
npm WARN tar TAR_ENTRY_ERROR EPERM: operation not permitted, unlink 'C:\Users\Administrator\AppData\Local\npm-cache\_npx\69f9afb961c37556\node_modules\vercel\dist\chunks\chunk-2WIR65ZA.js.DELETE.a6b573ddb7d8f01775073a13cf68fdd1'
npm WARN tar TAR_ENTRY_ERROR EPERM: operation not permitted, unlink 'C:\Users\Administrator\AppData\Local\npm-cache\_npx\69f9afb961c37556\node_modules\@vercel\express\dist\index.js.DELETE.588ac02772c9891523d4364d1078e7c8'
npm WARN tar TAR_ENTRY_ERROR ENOENT: no such file or directory, rename 'C:\Users\Administrator\AppData\Local\npm-cache\_npx\69f9afb961c37556\node_modules\@vercel\elysia\dist\index.js' -> 'C:\Users\Administrator\AppData\Local\npm-cache\_npx\69f9afb961c37556\node_modules\@vercel\elysia\dist\index.js.DELETE.9ec865f5c28712625b5f5149d0e282bb'
npm WARN tar TAR_ENTRY_ERROR EPERM: operation not permitted, unlink 'C:\Users\Administrator\AppData\Local\npm-cache\_npx\69f9afb961c37556\node_modules\@vercel\backends\dist\index.mjs.DELETE.a3b19e97749e3f3c2e82410b806e0fd3'
npm ERR! code ENOENT
npm ERR! syscall chmod
npm ERR! path C:\Users\Administrator\AppData\Local\npm-cache\_npx\69f9afb961c37556\node_modules\.bin\cervel
npm ERR! errno -4058
npm ERR! enoent ENOENT: no such file or directory, chmod 'C:\Users\Administrator\AppData\Local\npm-cache\_npx\69f9afb961c37556\node_modules\.bin\cervel'
npm ERR! enoent This is related to npm not being able to find a file.
npm ERR! enoent 

npm ERR! A complete log of this run can be found in: C:\Users\Administrator\AppData\Local\npm-cache\_logs\2026-06-05T01_51_17_443Z-debug-0.log
