npm WARN exec The following package was not found and will be installed: vercel@54.9.1
npm WARN EBADENGINE Unsupported engine {
npm WARN EBADENGINE   package: 'undici@7.25.0',
npm WARN EBADENGINE   required: { node: '>=20.18.1' },
npm WARN EBADENGINE   current: { node: 'v20.12.0', npm: '10.5.0' }
npm WARN EBADENGINE }
npm WARN EBADENGINE Unsupported engine {
npm WARN EBADENGINE   package: 'oxc-transform@0.111.0',
npm WARN EBADENGINE   required: { node: '^20.19.0 || >=22.12.0' },
npm WARN EBADENGINE   current: { node: 'v20.12.0', npm: '10.5.0' }
npm WARN EBADENGINE }
npm WARN EBADENGINE Unsupported engine {
npm WARN EBADENGINE   package: 'rolldown@1.0.0-rc.1',
npm WARN EBADENGINE   required: { node: '^20.19.0 || >=22.12.0' },
npm WARN EBADENGINE   current: { node: 'v20.12.0', npm: '10.5.0' }
npm WARN EBADENGINE }
npm WARN EBADENGINE Unsupported engine {
npm WARN EBADENGINE   package: 'srvx@0.8.9',
npm WARN EBADENGINE   required: { node: '>=20.16.0' },
npm WARN EBADENGINE   current: { node: 'v20.12.0', npm: '10.5.0' }
npm WARN EBADENGINE }
npm WARN tar TAR_ENTRY_ERROR EPERM: operation not permitted, unlink 'C:\Users\Administrator\AppData\Local\npm-cache\_npx\69f9afb961c37556\node_modules\vercel\dist\chunks\chunk-4NDOMD3E.js.DELETE.a68b1ac8154084ced441cdba3b10e053'
npm WARN tar TAR_ENTRY_ERROR EPERM: operation not permitted, unlink 'C:\Users\Administrator\AppData\Local\npm-cache\_npx\69f9afb961c37556\node_modules\@vercel\hono\dist\index.js.DELETE.81a469b9dd19be99d46a8bf2ba6db56c'
npm WARN tar TAR_ENTRY_ERROR EPERM: operation not permitted, unlink 'C:\Users\Administrator\AppData\Local\npm-cache\_npx\69f9afb961c37556\node_modules\@vercel\h3\dist\index.js.DELETE.ba94a8e09f1f4888d29391110036ea94'
'vc' 不是内部或外部命令，也不是可运行的程序
或批处理文件。
