npm WARN exec The following package was not found and will be installed: vercel@54.9.1
npm WARN EBADENGINE Unsupported engine {
npm WARN EBADENGINE   package: 'undici@7.25.0',
npm WARN EBADENGINE   required: { node: '>=20.18.1' },
npm WARN EBADENGINE   current: { node: 'v20.12.0', npm: '10.5.0' }
npm WARN EBADENGINE }
npm WARN EBADENGINE Unsupported engine {
npm WARN EBADENGINE   package: 'oxc-transform@0.111.0',
npm WARN EBADENGINE   required: { node: '^20.19.0 || >=22.12.0' },
npm WARN EBADENGINE   current: { node: 'v20.12.0', npm: '10.5.0' }
npm WARN EBADENGINE }
npm WARN EBADENGINE Unsupported engine {
npm WARN EBADENGINE   package: 'rolldown@1.0.0-rc.1',
npm WARN EBADENGINE   required: { node: '^20.19.0 || >=22.12.0' },
npm WARN EBADENGINE   current: { node: 'v20.12.0', npm: '10.5.0' }
npm WARN EBADENGINE }
npm WARN EBADENGINE Unsupported engine {
npm WARN EBADENGINE   package: 'srvx@0.8.9',
npm WARN EBADENGINE   required: { node: '>=20.16.0' },
npm WARN EBADENGINE   current: { node: 'v20.12.0', npm: '10.5.0' }
npm WARN EBADENGINE }
Vercel CLI 54.9.1 (Node.js 20.12.0)
Retrieving project…
Deploying hemiao206-boops-projects/project
Uploading [--------------------] (0.0B/2MB)
Uploading [=====---------------] (512.2KB/2MB)
Uploading [==========----------] (1014.8KB/2MB)
Uploading [===============-----] (1.5MB/2MB)
Uploading [====================] (2.0MB/2MB)
  Inspect     https://vercel.com/hemiao206-boops-projects/project/8XdR1cxrXBeRXYfRUxJ6aahaWBE4
▲ Production  https://project-fo800ik5x-hemiao206-boops-projects.vercel.app
https://project-fo800ik5x-hemiao206-boops-projects.vercel.appBuilding…
Building…
Running build in Washington, D.C., USA (East) – iad1
Build machine configuration: 2 cores, 8 GB
Retrieving list of deployment files...
Downloading 118 deployment files...
Restored build cache from previous deployment (G7n8rLs7tCqBHBVCdc7FCJ8ePDQ4)
Running "vercel build"
Vercel CLI 54.9.0
Installing dependencies...
up to date in 4s
213 packages are looking for funding
run `npm fund` for details
Detected Next.js version: 16.2.4
Running "npm run build"
> project@0.1.0 build
> next build
Applying modifyConfig from Vercel
▲ Next.js 16.2.4 (Turbopack)
Creating an optimized production build ...
✓ Compiled successfully in 5.4s
Running TypeScript ...
Finished TypeScript in 3.7s ...
Collecting page data using 1 worker ...
Generating static pages using 1 worker (0/16) ...
Generating static pages using 1 worker (4/16)
Generating static pages using 1 worker (8/16)
Generating static pages using 1 worker (12/16)
✓ Generating static pages using 1 worker (16/16) in 365ms
Finalizing page optimization ...
Running onBuildComplete from Vercel
Route (app)
┌ ○ /
├ ○ /_not-found
├ ƒ /api/inquiry
└ ● /products/[id]
├ /products/1
├ /products/2
├ /products/3
└ [+8 more paths]
○  (Static)   prerendered as static content
●  (SSG)      prerendered as static HTML (uses generateStaticParams)
ƒ  (Dynamic)  server-rendered on demand
Build Completed in /vercel/output [17s]
Deploying outputs...
Deployment completed
Creating build cache...
[2K[1A[2K[G▲ Production  https://project-fo800ik5x-hemiao206-boops-projects.vercel.app
Completing…
▲ Aliased     https://project-one-tau-57.vercel.app

✓ Ready in 36s
