Vercel CLI 54.7.1 (Node.js 20.12.0)

  Set up "~\.accio\accounts\7083651035\agents\MID-62651035U1776847-86B99D-8904-E9075F\project"
Loading team…
Searching for existing projects…
  Detected Next.js (Build Command: next build, Output Directory: Next.js default)
  Linked      hemiao206-boops-projects/project
> Connecting GitHub repository: https://github.com/hemiao206-boop/accio-website-project
> Connected
Deploying hemiao206-boops-projects/project
Uploading [--------------------] (0.0B/1.5MB)
Uploading [=====---------------] (395.0KB/1.5MB)
Uploading [==========----------] (789.8KB/1.5MB)
Uploading [===============-----] (1.1MB/1.5MB)
Uploading [====================] (1.5MB/1.5MB)
  Inspect     https://vercel.com/hemiao206-boops-projects/project/GrEZajk4fSAgX5GdTjAu4HrgQyxm
▲ Production  https://project-8mxjilu65-hemiao206-boops-projects.vercel.app
https://project-8mxjilu65-hemiao206-boops-projects.vercel.appBuilding…
Building…
Running build in Washington, D.C., USA (East) – iad1
Build machine configuration: 2 cores, 8 GB
Retrieving list of deployment files...
Previous build caches not available.
Downloading 61 deployment files...
Running "vercel build"
Vercel CLI 54.7.1
Installing dependencies...
added 471 packages in 17s
213 packages are looking for funding
run `npm fund` for details
Detected Next.js version: 16.2.4
Running "npm run build"
> project@0.1.0 build
> next build
Applying modifyConfig from Vercel
Attention: Next.js now collects completely anonymous telemetry regarding usage.
This information is used to shape Next.js' roadmap and prioritize features.
You can learn more, including how to opt-out if you'd not like to participate in this anonymous program, by visiting the following URL:
https://nextjs.org/telemetry
▲ Next.js 16.2.4 (Turbopack)
Creating an optimized production build ...
✓ Compiled successfully in 5.1s
Running TypeScript ...
Finished TypeScript in 3.5s ...
Collecting page data using 1 worker ...
Generating static pages using 1 worker (0/11) ...
Generating static pages using 1 worker (2/11)
Generating static pages using 1 worker (5/11)
Generating static pages using 1 worker (8/11)
✓ Generating static pages using 1 worker (11/11) in 282ms
Finalizing page optimization ...
Running onBuildComplete from Vercel
Route (app)
┌ ○ /
├ ○ /_not-found
├ ƒ /api/inquiry
└ ● /products/[id]
├ /products/1
├ /products/2
├ /products/3
└ [+3 more paths]
○  (Static)   prerendered as static content
●  (SSG)      prerendered as static HTML (uses generateStaticParams)
ƒ  (Dynamic)  server-rendered on demand
Build Completed in /vercel/output [30s]
Deploying outputs...
Deployment completed
Creating build cache...
[2K[1A[2K[G▲ Production  https://project-8mxjilu65-hemiao206-boops-projects.vercel.app
Completing…
▲ Aliased     https://project-one-tau-57.vercel.app

✓ Ready in 55s
