Vercel CLI 54.9.1 (Node.js 20.12.0)
Retrieving project…
Deploying hemiao206-boops-projects/project
Uploading [--------------------] (0.0B/4.1MB)
Uploading [=====---------------] (1.0MB/4.1MB)
Uploading [==========----------] (2.0MB/4.1MB)
Uploading [===============-----] (3.1MB/4.1MB)
Uploading [====================] (4.1MB/4.1MB)
  Inspect     https://vercel.com/hemiao206-boops-projects/project/6JtbLZ4rKGrNVR6iYenThkWnoKV5
▲ Production  https://project-2ax06ylxh-hemiao206-boops-projects.vercel.app
https://project-2ax06ylxh-hemiao206-boops-projects.vercel.appBuilding…
Running build in Washington, D.C., USA (East) – iad1
Build machine configuration: 2 cores, 8 GB
Retrieving list of deployment files...
Downloading 125 deployment files...
Downloading 125 deployment files...
Restored build cache from previous deployment (4iCTnYrnU6AxUGHS7MMxTqKsMYEg)
Running "vercel build"
Vercel CLI 54.9.0
Installing dependencies...
up to date in 5s
213 packages are looking for funding
run `npm fund` for details
Detected Next.js version: 16.2.4
Running "npm run build"
> project@0.1.0 build
> next build
Applying modifyConfig from Vercel
▲ Next.js 16.2.4 (Turbopack)
Creating an optimized production build ...
✓ Compiled successfully in 5.7s
Running TypeScript ...
Finished TypeScript in 3.8s ...
Collecting page data using 1 worker ...
Generating static pages using 1 worker (0/16) ...
Generating static pages using 1 worker (4/16)
Generating static pages using 1 worker (8/16)
Generating static pages using 1 worker (12/16)
✓ Generating static pages using 1 worker (16/16) in 356ms
Finalizing page optimization ...
Running onBuildComplete from Vercel
Route (app)
┌ ○ /
├ ○ /_not-found
├ ƒ /api/inquiry
└ ● /products/[id]
├ /products/1
├ /products/2
├ /products/3
└ [+8 more paths]
○  (Static)   prerendered as static content
●  (SSG)      prerendered as static HTML (uses generateStaticParams)
ƒ  (Dynamic)  server-rendered on demand
Build Completed in /vercel/output [17s]
Deploying outputs...
[2K[1A[2K[G▲ Production  https://project-2ax06ylxh-hemiao206-boops-projects.vercel.app
Completing…
▲ Aliased     https://project-one-tau-57.vercel.app

✓ Ready in 43s
